<?xml version="1.0" encoding="UTF-8"?>
<!-- Generated by org.testng.reporters.JUnitReportReporter -->
<testsuite hostname="PC287526" name="JenkinsDemo" tests="1" failures="0" timestamp="14 Dec 2016 12:37:45 GMT" time="0.006" errors="0">
  <testcase name="Test" time="0.006" classname="JenkinsDemo"/>
</testsuite> <!-- JenkinsDemo -->
